<?xml version="1.0" encoding="UTF-8"?>
<testsuite xmlns:xsi="http://www.w3.org/2001/XMLSchema-instance" xsi:noNamespaceSchemaLocation="https://maven.apache.org/surefire/maven-surefire-plugin/xsd/surefire-test-report-3.0.xsd" version="3.0" name="com.example.movieapi.MovieControllerTest" time="5.307" tests="4" errors="0" skipped="0" failures="0">
  <properties>
[...]
</properties>
  <testcase name="fullCrudFlow" classname="com.example.movieapi.MovieControllerTest" time="1.328">
    <system-out><![CDATA[22:30:14.029 [main] INFO org.springframework.test.context.support.AnnotationConfigContextLoaderUtils -- Could not detect default configuration classes for test class [com.example.movieapi.MovieControllerTest]: MovieControllerTest does not declare any static, non-private, non-final, nested classes annotated with @Configuration.
22:30:14.268 [main] INFO org.springframework.boot.test.context.SpringBootTestContextBootstrapper -- Found @SpringBootConfiguration com.example.movieapi.MovieApiApplication for test class com.example.movieapi.MovieControllerTest

  .   ____          _            __ _ _
 /\\ / ___'_ __ _ _(_)_ __  __ _ \ \ \ \
( ( )\___ | '_ | '_| | '_ \/ _` | \ \ \ \
 \\/  ___)| |_)| | | | | || (_| |  ) ) ) )
  '  |____| .__|_| |_|_| |_\__, | / / / /
 =========|_|==============|___/=/_/_/_/

 :: Spring Boot ::                (v3.3.2)

2025-09-01T22:30:14.829+05:30  INFO 40948 --- [           main] c.example.movieapi.MovieControllerTest   : Starting MovieControllerTest using Java 17.0.16 with PID 40948 (started by ASUS in C:\Users\ASUS\Downloads\movie_api)
2025-09-01T22:30:14.830+05:30  INFO 40948 --- [           main] c.example.movieapi.MovieControllerTest   : No active profile set, falling back to 1 default profile: "default"
2025-09-01T22:30:17.607+05:30  INFO 40948 --- [           main] o.s.b.t.m.w.SpringBootMockServletContext : Initializing Spring TestDispatcherServlet ''
2025-09-01T22:30:17.607+05:30  INFO 40948 --- [           main] o.s.t.web.servlet.TestDispatcherServlet  : Initializing Servlet ''
2025-09-01T22:30:17.610+05:30  INFO 40948 --- [           main] o.s.t.web.servlet.TestDispatcherServlet  : Completed initialization in 1 ms
2025-09-01T22:30:17.655+05:30  INFO 40948 --- [           main] c.example.movieapi.MovieControllerTest   : Started MovieControllerTest in 3.204 seconds (process running for 4.664)
]]></system-out>
  </testcase>
  <testcase name="pagination" classname="com.example.movieapi.MovieControllerTest" time="0.029"/>
  <testcase name="validationErrors" classname="com.example.movieapi.MovieControllerTest" time="0.03">
    <system-out><![CDATA[2025-09-01T22:30:19.070+05:30  WARN 40948 --- [           main] .w.s.m.s.DefaultHandlerExceptionResolver : Resolved [org.springframework.web.bind.MethodArgumentNotValidException: Validation failed for argument [0] in public com.example.movieapi.model.Movie com.example.movieapi.controller.MovieController.create(com.example.movieapi.dto.MovieCreateDto) with 2 errors: [Field error in object 'movieCreateDto' on field 'rating': rejected value [11]; codes [Max.movieCreateDto.rating,Max.rating,Max.java.lang.Integer,Max]; arguments [org.springframework.context.support.DefaultMessageSourceResolvable: codes [movieCreateDto.rating,rating]; arguments []; default message [rating],10]; default message [Rating must be at most 10]] [Field error in object 'movieCreateDto' on field 'title': rejected value []; codes [NotBlank.movieCreateDto.title,NotBlank.title,NotBlank.java.lang.String,NotBlank]; arguments [org.springframework.context.support.DefaultMessageSourceResolvable: codes [movieCreateDto.title,title]; arguments []; default message [title]]; default message [Title is required]] ]
]]></system-out>
  </testcase>
  <testcase name="listMoviesReturnsEmptyListInitially" classname="com.example.movieapi.MovieControllerTest" time="0.033"/>
</testsuite>